--------------------
./configure
2016年 6月 7日 星期二 09时17分08秒 CST
Checking for gcc...
=== ztest36434.c ===
extern int getchar();
int hello() {return getchar();}
===
gcc -c ztest36434.c
... using gcc

Checking for obsessive-compulsive compiler options...
=== ztest36434.c ===
int foo() { return 0; }
===
gcc -c -I/usr/local/opt/openssl/include ztest36434.c

Checking for shared library support...
=== ztest36434.c ===
extern int getchar();
int hello() {return getchar();}
===
gcc -w -c -I/usr/local/opt/openssl/include -fPIC ztest36434.c
gcc -dynamiclib -install_name ${exec_prefix}/lib/libz.1.dylib -compatibility_version 1 -current_version 1.2.8 -I/usr/local/opt/openssl/include -fPIC -o ztest36434.dylib ztest36434.o
Building shared library libz.1.2.8.dylib with gcc.

=== ztest36434.c ===
#include <sys/types.h>
off64_t dummy = 0;
===
gcc -c -I/usr/local/opt/openssl/include -D_LARGEFILE64_SOURCE=1 ztest36434.c
ztest36434.c:2:1: error: unknown type name 'off64_t'; did you mean 'off_t'?
off64_t dummy = 0;
^~~~~~~
off_t
/Applications/Xcode.app/Contents/Developer/Platforms/MacOSX.platform/Developer/SDKs/MacOSX10.11.sdk/usr/include/sys/_types/_off_t.h:30:25: note: 'off_t' declared here
typedef __darwin_off_t          off_t;
                                ^
1 error generated.
(exit code 1)
Checking for off64_t... No.

=== ztest36434.c ===
#include <stdio.h>
int main(void) {
  fseeko(NULL, 0, 0);
  return 0;
}
===
gcc -I/usr/local/opt/openssl/include -o ztest36434 ztest36434.c
Checking for fseeko... Yes.

=== ztest36434.c ===
#include <string.h>
#include <errno.h>
int main() { return strlen(strerror(errno)); }
===
gcc -I/usr/local/opt/openssl/include -o ztest36434 ztest36434.c
Checking for strerror... Yes.

=== ztest36434.c ===
#include <unistd.h>
int main() { return 0; }
===
gcc -c -I/usr/local/opt/openssl/include ztest36434.c
Checking for unistd.h... Yes.

=== ztest36434.c ===
#include <stdarg.h>
int main() { return 0; }
===
gcc -c -I/usr/local/opt/openssl/include ztest36434.c
Checking for stdarg.h... Yes.

=== ztest36434.c ===
#include <stdio.h>
#include <stdarg.h>
#include "zconf.h"
int main()
{
#ifndef STDC
  choke me
#endif
  return 0;
}
===
gcc -c -I/usr/local/opt/openssl/include ztest36434.c
Checking whether to use vs[n]printf() or s[n]printf()... using vs[n]printf().

=== ztest36434.c ===
#include <stdio.h>
#include <stdarg.h>
int mytest(const char *fmt, ...)
{
  char buf[20];
  va_list ap;
  va_start(ap, fmt);
  vsnprintf(buf, sizeof(buf), fmt, ap);
  va_end(ap);
  return 0;
}
int main()
{
  return (mytest("Hello%d\n", 1));
}
===
gcc -I/usr/local/opt/openssl/include -o ztest36434 ztest36434.c
Checking for vsnprintf() in stdio.h... Yes.

=== ztest36434.c ===
#include <stdio.h>
#include <stdarg.h>
int mytest(const char *fmt, ...)
{
  int n;
  char buf[20];
  va_list ap;
  va_start(ap, fmt);
  n = vsnprintf(buf, sizeof(buf), fmt, ap);
  va_end(ap);
  return n;
}
int main()
{
  return (mytest("Hello%d\n", 1));
}
===
gcc -c -I/usr/local/opt/openssl/include ztest36434.c
Checking for return value of vsnprintf()... Yes.

=== ztest36434.c ===
#define ZLIB_INTERNAL __attribute__((visibility ("hidden")))
int ZLIB_INTERNAL foo;
int main()
{
  return 0;
}
===
gcc -c -I/usr/local/opt/openssl/include ztest36434.c
Checking for attribute(visibility) support... Yes.

ALL = static shared
AR = libtool
ARFLAGS = -o
CC = gcc
CFLAGS = -I/usr/local/opt/openssl/include -DHAVE_HIDDEN
CPP = gcc -E
EXE =
LDCONFIG = ldconfig
LDFLAGS = -L/usr/local/opt/openssl/lib
LDSHARED = gcc -dynamiclib -install_name ${exec_prefix}/lib/libz.1.dylib -compatibility_version 1 -current_version 1.2.8
LDSHAREDLIBC = -lc
OBJC = $(OBJZ) $(OBJG)
PIC_OBJC = $(PIC_OBJZ) $(PIC_OBJG)
RANLIB = ranlib
SFLAGS = -I/usr/local/opt/openssl/include -fPIC -DHAVE_HIDDEN
SHAREDLIB = libz.dylib
SHAREDLIBM = libz.1.dylib
SHAREDLIBV = libz.1.2.8.dylib
STATICLIB = libz.a
TEST = all teststatic testshared
VER = 1.2.8
Z_U4 =
exec_prefix = ${prefix}
includedir = ${prefix}/include
libdir = ${exec_prefix}/lib
mandir = ${prefix}/share/man
prefix = /usr/local
sharedlibdir = ${libdir}
uname = Darwin
--------------------


--------------------
./Configure darwin64-x86_64-cc
2016年 6月 7日 星期二 09时23分22秒 CST
unknown option: darwin64-x86_64-cc
./Configure --help for help
** ./Configure aborting.
--------------------


--------------------
./Configure
2016年 6月 7日 星期二 09时23分56秒 CST
Checking for gcc...
=== ztest37017.c ===
extern int getchar();
int hello() {return getchar();}
===
gcc -c ztest37017.c
... using gcc

Checking for obsessive-compulsive compiler options...
=== ztest37017.c ===
int foo() { return 0; }
===
gcc -c -I/usr/local/opt/openssl/include ztest37017.c

Checking for shared library support...
=== ztest37017.c ===
extern int getchar();
int hello() {return getchar();}
===
gcc -w -c -I/usr/local/opt/openssl/include -fPIC ztest37017.c
gcc -dynamiclib -install_name ${exec_prefix}/lib/libz.1.dylib -compatibility_version 1 -current_version 1.2.8 -I/usr/local/opt/openssl/include -fPIC -o ztest37017.dylib ztest37017.o
Building shared library libz.1.2.8.dylib with gcc.

=== ztest37017.c ===
#include <sys/types.h>
off64_t dummy = 0;
===
gcc -c -I/usr/local/opt/openssl/include -D_LARGEFILE64_SOURCE=1 ztest37017.c
ztest37017.c:2:1: error: unknown type name 'off64_t'; did you mean 'off_t'?
off64_t dummy = 0;
^~~~~~~
off_t
/Applications/Xcode.app/Contents/Developer/Platforms/MacOSX.platform/Developer/SDKs/MacOSX10.11.sdk/usr/include/sys/_types/_off_t.h:30:25: note: 'off_t' declared here
typedef __darwin_off_t          off_t;
                                ^
1 error generated.
(exit code 1)
Checking for off64_t... No.

=== ztest37017.c ===
#include <stdio.h>
int main(void) {
  fseeko(NULL, 0, 0);
  return 0;
}
===
gcc -I/usr/local/opt/openssl/include -o ztest37017 ztest37017.c
Checking for fseeko... Yes.

=== ztest37017.c ===
#include <string.h>
#include <errno.h>
int main() { return strlen(strerror(errno)); }
===
gcc -I/usr/local/opt/openssl/include -o ztest37017 ztest37017.c
Checking for strerror... Yes.

=== ztest37017.c ===
#include <unistd.h>
int main() { return 0; }
===
gcc -c -I/usr/local/opt/openssl/include ztest37017.c
Checking for unistd.h... Yes.

=== ztest37017.c ===
#include <stdarg.h>
int main() { return 0; }
===
gcc -c -I/usr/local/opt/openssl/include ztest37017.c
Checking for stdarg.h... Yes.

=== ztest37017.c ===
#include <stdio.h>
#include <stdarg.h>
#include "zconf.h"
int main()
{
#ifndef STDC
  choke me
#endif
  return 0;
}
===
gcc -c -I/usr/local/opt/openssl/include ztest37017.c
Checking whether to use vs[n]printf() or s[n]printf()... using vs[n]printf().

=== ztest37017.c ===
#include <stdio.h>
#include <stdarg.h>
int mytest(const char *fmt, ...)
{
  char buf[20];
  va_list ap;
  va_start(ap, fmt);
  vsnprintf(buf, sizeof(buf), fmt, ap);
  va_end(ap);
  return 0;
}
int main()
{
  return (mytest("Hello%d\n", 1));
}
===
gcc -I/usr/local/opt/openssl/include -o ztest37017 ztest37017.c
Checking for vsnprintf() in stdio.h... Yes.

=== ztest37017.c ===
#include <stdio.h>
#include <stdarg.h>
int mytest(const char *fmt, ...)
{
  int n;
  char buf[20];
  va_list ap;
  va_start(ap, fmt);
  n = vsnprintf(buf, sizeof(buf), fmt, ap);
  va_end(ap);
  return n;
}
int main()
{
  return (mytest("Hello%d\n", 1));
}
===
gcc -c -I/usr/local/opt/openssl/include ztest37017.c
Checking for return value of vsnprintf()... Yes.

=== ztest37017.c ===
#define ZLIB_INTERNAL __attribute__((visibility ("hidden")))
int ZLIB_INTERNAL foo;
int main()
{
  return 0;
}
===
gcc -c -I/usr/local/opt/openssl/include ztest37017.c
Checking for attribute(visibility) support... Yes.

ALL = static shared
AR = libtool
ARFLAGS = -o
CC = gcc
CFLAGS = -I/usr/local/opt/openssl/include -DHAVE_HIDDEN
CPP = gcc -E
EXE =
LDCONFIG = ldconfig
LDFLAGS = -L/usr/local/opt/openssl/lib
LDSHARED = gcc -dynamiclib -install_name ${exec_prefix}/lib/libz.1.dylib -compatibility_version 1 -current_version 1.2.8
LDSHAREDLIBC = -lc
OBJC = $(OBJZ) $(OBJG)
PIC_OBJC = $(PIC_OBJZ) $(PIC_OBJG)
RANLIB = ranlib
SFLAGS = -I/usr/local/opt/openssl/include -fPIC -DHAVE_HIDDEN
SHAREDLIB = libz.dylib
SHAREDLIBM = libz.1.dylib
SHAREDLIBV = libz.1.2.8.dylib
STATICLIB = libz.a
TEST = all teststatic testshared
VER = 1.2.8
Z_U4 =
exec_prefix = ${prefix}
includedir = ${prefix}/include
libdir = ${exec_prefix}/lib
mandir = ${prefix}/share/man
prefix = /usr/local
sharedlibdir = ${libdir}
uname = Darwin
--------------------


--------------------
./Configure
2016年 6月 7日 星期二 09时29分34秒 CST
Checking for gcc...
=== ztest37380.c ===
extern int getchar();
int hello() {return getchar();}
===
gcc -c ztest37380.c
... using gcc

Checking for obsessive-compulsive compiler options...
=== ztest37380.c ===
int foo() { return 0; }
===
gcc -c -I/usr/local/opt/openssl/include ztest37380.c

Checking for shared library support...
=== ztest37380.c ===
extern int getchar();
int hello() {return getchar();}
===
gcc -w -c -I/usr/local/opt/openssl/include -fPIC ztest37380.c
gcc -dynamiclib -install_name ${exec_prefix}/lib/libz.1.dylib -compatibility_version 1 -current_version 1.2.8 -I/usr/local/opt/openssl/include -fPIC -o ztest37380.dylib ztest37380.o
Building shared library libz.1.2.8.dylib with gcc.

=== ztest37380.c ===
#include <sys/types.h>
off64_t dummy = 0;
===
gcc -c -I/usr/local/opt/openssl/include -D_LARGEFILE64_SOURCE=1 ztest37380.c
ztest37380.c:2:1: error: unknown type name 'off64_t'; did you mean 'off_t'?
off64_t dummy = 0;
^~~~~~~
off_t
/Applications/Xcode.app/Contents/Developer/Platforms/MacOSX.platform/Developer/SDKs/MacOSX10.11.sdk/usr/include/sys/_types/_off_t.h:30:25: note: 'off_t' declared here
typedef __darwin_off_t          off_t;
                                ^
1 error generated.
(exit code 1)
Checking for off64_t... No.

=== ztest37380.c ===
#include <stdio.h>
int main(void) {
  fseeko(NULL, 0, 0);
  return 0;
}
===
gcc -I/usr/local/opt/openssl/include -o ztest37380 ztest37380.c
Checking for fseeko... Yes.

=== ztest37380.c ===
#include <string.h>
#include <errno.h>
int main() { return strlen(strerror(errno)); }
===
gcc -I/usr/local/opt/openssl/include -o ztest37380 ztest37380.c
Checking for strerror... Yes.

=== ztest37380.c ===
#include <unistd.h>
int main() { return 0; }
===
gcc -c -I/usr/local/opt/openssl/include ztest37380.c
Checking for unistd.h... Yes.

=== ztest37380.c ===
#include <stdarg.h>
int main() { return 0; }
===
gcc -c -I/usr/local/opt/openssl/include ztest37380.c
Checking for stdarg.h... Yes.

=== ztest37380.c ===
#include <stdio.h>
#include <stdarg.h>
#include "zconf.h"
int main()
{
#ifndef STDC
  choke me
#endif
  return 0;
}
===
gcc -c -I/usr/local/opt/openssl/include ztest37380.c
Checking whether to use vs[n]printf() or s[n]printf()... using vs[n]printf().

=== ztest37380.c ===
#include <stdio.h>
#include <stdarg.h>
int mytest(const char *fmt, ...)
{
  char buf[20];
  va_list ap;
  va_start(ap, fmt);
  vsnprintf(buf, sizeof(buf), fmt, ap);
  va_end(ap);
  return 0;
}
int main()
{
  return (mytest("Hello%d\n", 1));
}
===
gcc -I/usr/local/opt/openssl/include -o ztest37380 ztest37380.c
Checking for vsnprintf() in stdio.h... Yes.

=== ztest37380.c ===
#include <stdio.h>
#include <stdarg.h>
int mytest(const char *fmt, ...)
{
  int n;
  char buf[20];
  va_list ap;
  va_start(ap, fmt);
  n = vsnprintf(buf, sizeof(buf), fmt, ap);
  va_end(ap);
  return n;
}
int main()
{
  return (mytest("Hello%d\n", 1));
}
===
gcc -c -I/usr/local/opt/openssl/include ztest37380.c
Checking for return value of vsnprintf()... Yes.

=== ztest37380.c ===
#define ZLIB_INTERNAL __attribute__((visibility ("hidden")))
int ZLIB_INTERNAL foo;
int main()
{
  return 0;
}
===
gcc -c -I/usr/local/opt/openssl/include ztest37380.c
Checking for attribute(visibility) support... Yes.

ALL = static shared
AR = libtool
ARFLAGS = -o
CC = gcc
CFLAGS = -I/usr/local/opt/openssl/include -DHAVE_HIDDEN
CPP = gcc -E
EXE =
LDCONFIG = ldconfig
LDFLAGS = -L/usr/local/opt/openssl/lib
LDSHARED = gcc -dynamiclib -install_name ${exec_prefix}/lib/libz.1.dylib -compatibility_version 1 -current_version 1.2.8
LDSHAREDLIBC = -lc
OBJC = $(OBJZ) $(OBJG)
PIC_OBJC = $(PIC_OBJZ) $(PIC_OBJG)
RANLIB = ranlib
SFLAGS = -I/usr/local/opt/openssl/include -fPIC -DHAVE_HIDDEN
SHAREDLIB = libz.dylib
SHAREDLIBM = libz.1.dylib
SHAREDLIBV = libz.1.2.8.dylib
STATICLIB = libz.a
TEST = all teststatic testshared
VER = 1.2.8
Z_U4 =
exec_prefix = ${prefix}
includedir = ${prefix}/include
libdir = ${exec_prefix}/lib
mandir = ${prefix}/share/man
prefix = /usr/local
sharedlibdir = ${libdir}
uname = Darwin
--------------------


